<?xml version="1.0" encoding="UTF-8"?>
<Document
  xmlns="urn:iso:std:iso:20022:tech:xsd:camt"
  xmlns:xsi="http://www.w3.org/2001/XMLSchema-instance"
  xsi:schemaLocation="urn:iso:std:iso:20022:tech:xsd:camt.052.001.02 camt.052.001.02.xsd">
  <BkToCstmrAcctRpt>
  </BkToCstmrAcctRpt>
</Document>